<?xml version="1.0" encoding="UTF-8"?>
<testng-results skipped="0" failed="0" ignored="0" total="1" passed="1">
  <reporter-output>
  </reporter-output>
  <suite name="Default suite" duration-ms="3157" started-at="2021-07-11T17:07:03 IST" finished-at="2021-07-11T17:07:06 IST">
    <groups>
    </groups>
    <test name="Default test" duration-ms="3157" started-at="2021-07-11T17:07:03 IST" finished-at="2021-07-11T17:07:06 IST">
      <class name="Users.CreateUser">
        <test-method status="PASS" signature="createUser()[pri:0, instance:Users.CreateUser@371a67ec]" name="createUser" duration-ms="3046" started-at="2021-07-11T17:07:03 IST" finished-at="2021-07-11T17:07:06 IST">
          <reporter-output>
          </reporter-output>
        </test-method> <!-- createUser -->
      </class> <!-- Users.CreateUser -->
    </test> <!-- Default test -->
  </suite> <!-- Default suite -->
</testng-results>
